<?xml version="1.0" encoding="UTF-8"?>
<!-- Generated by org.testng.reporters.JUnitReportReporter -->
<testsuite hostname="DESKTOP-1CCIKKG" failures="0" tests="1" name="SeleniumProgram.SampleTestNG" time="0.016" errors="0" timestamp="24 Apr 2023 13:20:20 GMT" skipped="0">
  <testcase classname="SeleniumProgram.SampleTestNG" name="add" time="0.016"/>
</testsuite> <!-- SeleniumProgram.SampleTestNG -->
