<?xml version="1.0" encoding="UTF-8"?>
<!-- Generated by org.testng.reporters.JUnitReportReporter -->
<testsuite hostname="DESKTOP-1CCIKKG" failures="0" tests="2" name="SeleniumPrograms.TestNGExample4" time="99.456" errors="0" timestamp="2023-02-25T14:36:44 IST" skipped="0">
  <testcase classname="SeleniumPrograms.TestNGExample4" name="LoginFunctionality" time="56.977"/>
  <system-out/>
  <testcase classname="SeleniumPrograms.TestNGExample4" name="Hidden_Elements" time="42.479"/>
  <system-out/>
</testsuite> <!-- SeleniumPrograms.TestNGExample4 -->
