<?xml version="1.0" encoding="UTF-8"?>
<!-- Generated by org.testng.reporters.JUnitReportReporter -->
<testsuite hostname="DESKTOP-1CCIKKG" failures="0" tests="2" name="SeleniumPrograms.ParllelTest" time="60.303" errors="0" timestamp="2023-03-21T15:48:27 IST" skipped="0">
  <testcase classname="SeleniumPrograms.ParllelTest" name="ChromeLogin" time="47.591"/>
  <system-out/>
  <testcase classname="SeleniumPrograms.ParllelTest" name="FireFoxLogin" time="12.712"/>
  <system-out/>
</testsuite> <!-- SeleniumPrograms.ParllelTest -->
