<?xml version="1.0" encoding="UTF-8"?>
<!-- Generated by org.testng.reporters.JUnitReportReporter -->
<testsuite hostname="DESKTOP-1CCIKKG" failures="0" tests="1" name="SeleniumPrograms.TestNGExample3" time="39.734" errors="0" timestamp="2023-03-04T15:46:49 IST" skipped="0">
  <testcase classname="SeleniumPrograms.TestNGExample3" name="LoginFunctionality" time="39.734"/>
  <system-out/>
</testsuite> <!-- SeleniumPrograms.TestNGExample3 -->
