<?xml version="1.0" encoding="UTF-8"?>
<!-- Generated by org.testng.reporters.JUnitReportReporter -->
<testsuite hostname="DESKTOP-1CCIKKG" failures="0" tests="1" name="SeleniumPrograms.TestNGExample" time="0.013" errors="0" timestamp="2023-03-04T15:12:05 IST" skipped="0">
  <testcase classname="SeleniumPrograms.TestNGExample" name="Test" time="0.013"/>
  <system-out/>
</testsuite> <!-- SeleniumPrograms.TestNGExample -->
