<?xml version="1.0" encoding="UTF-8"?>
<!-- Generated by org.testng.reporters.JUnitReportReporter -->
<testsuite hostname="DESKTOP-1CCIKKG" failures="0" tests="1" name="SeleniumPrograms.TestNGExample1" time="25.559" errors="0" timestamp="2023-03-04T15:12:05 IST" skipped="0">
  <testcase classname="SeleniumPrograms.TestNGExample1" name="CreateAccount" time="25.559"/>
  <system-out/>
</testsuite> <!-- SeleniumPrograms.TestNGExample1 -->
